#
# A fatal error has been detected by the Java Runtime Environment:
#
#  SIGSEGV (0xb) at pc=0x0000000104803414, pid=3287, tid=9475
#
# JRE version: OpenJDK Runtime Environment (16.0.1+9) (build 16.0.1+9-24)
# Java VM: OpenJDK 64-Bit Server VM (16.0.1+9-24, mixed mode, tiered, compressed oops, compressed class ptrs, g1 gc, bsd-amd64)
# Problematic frame:
# V  [libjvm.dylib+0x3414]  AccessInternal::PostRuntimeDispatch<G1BarrierSet::AccessBarrier<548964ull, G1BarrierSet>, (AccessInternal::BarrierType)2, 548964ull>::oop_access_barrier(void*)+0x4
#
# No core dump will be written. Core dumps have been disabled. To enable core dumping, try "ulimit -c unlimited" before starting Java again
#
# If you would like to submit a bug report, please visit:
#   https://bugreport.java.com/bugreport/crash.jsp
#

---------------  S U M M A R Y ------------

Command Line: -Dfile.encoding=UTF-8 -XX:+ShowCodeDetailsInExceptionMessages oracle.jdbc.driver.JavaToJavaConverter$192

Host: MacBookAir9,1 x86_64 1100 MHz, 8 cores, 16G, Darwin 20.5.0, macOS 10.16 (20F71)
Time: Tue Jul 13 12:51:00 2021 KST elapsed time: 0.408658 seconds (0d 0h 0m 0s)

---------------  T H R E A D  ---------------

Current thread (0x00007fc362008a00):  JavaThread "main" [_thread_in_vm, id=9475, stack(0x000070000d9c0000,0x000070000dac0000)]

Stack: [0x000070000d9c0000,0x000070000dac0000],  sp=0x000070000dabfdf0,  free space=1023k
Native frames: (J=compiled Java code, A=aot compiled Java code, j=interpreted, Vv=VM code, C=native code)
V  [libjvm.dylib+0x3414]  AccessInternal::PostRuntimeDispatch<G1BarrierSet::AccessBarrier<548964ull, G1BarrierSet>, (AccessInternal::BarrierType)2, 548964ull>::oop_access_barrier(void*)+0x4
V  [libjvm.dylib+0x5771f1]  jni_GetStringUTFChars+0xd1
C  [libjli.dylib+0x78a6]  PostJVMInit+0xa6
C  [libjli.dylib+0x4e3a]  JavaMain+0xb9a
C  [libjli.dylib+0x7519]  ThreadJavaMain+0x9
C  [libsystem_pthread.dylib+0x68fc]  _pthread_start+0xe0
C  [libsystem_pthread.dylib+0x2443]  thread_start+0xf


siginfo: si_signo: 11 (SIGSEGV), si_code: 1 (SEGV_MAPERR), si_addr: 0x0000000000000000

Register to memory mapping:

RAX=0x00000001054623fe: _ZTV10JavaThread+0xa6 in /Volumes/Spring Tool Suite 4/SpringToolSuite4.app/Contents/Eclipse/plugins/org.eclipse.justj.openjdk.hotspot.jre.full.macosx.x86_64_16.0.1.v20210528-1205/jre/lib/server/libjvm.dylib at 0x0000000104800000
RBX=0x00007fc362008d10 points into unknown readable memory: 0x0000000105470e58 | 58 0e 47 05 01 00 00 00
RCX=0x0000000105470e58: jni_NativeInterface+0 in /Volumes/Spring Tool Suite 4/SpringToolSuite4.app/Contents/Eclipse/plugins/org.eclipse.justj.openjdk.hotspot.jre.full.macosx.x86_64_16.0.1.v20210528-1205/jre/lib/server/libjvm.dylib at 0x0000000104800000
RDX=0x0 is NULL
RSP=0x000070000dabfdf0 is pointing into the stack for thread: 0x00007fc362008a00
RBP=0x000070000dabfdf0 is pointing into the stack for thread: 0x00007fc362008a00
RSI=0x0 is NULL
RDI=0x0 is NULL
R8 =0x0 is NULL
R9 =0x0 is NULL
R10=0x00000001054ce3b0: _ZN19TemplateInterpreter13_active_tableE+0x4800 in /Volumes/Spring Tool Suite 4/SpringToolSuite4.app/Contents/Eclipse/plugins/org.eclipse.justj.openjdk.hotspot.jre.full.macosx.x86_64_16.0.1.v20210528-1205/jre/lib/server/libjvm.dylib at 0x0000000104800000
R11=0x0000000123c0c400 is pointing into metadata
R12=0x00007fc362008a00 is a thread
R13=0x0 is NULL
R14=0x0 is NULL
R15=0x0 is NULL


Registers:
RAX=0x00000001054623fe, RBX=0x00007fc362008d10, RCX=0x0000000105470e58, RDX=0x0000000000000000
RSP=0x000070000dabfdf0, RBP=0x000070000dabfdf0, RSI=0x0000000000000000, RDI=0x0000000000000000
R8 =0x0000000000000000, R9 =0x0000000000000000, R10=0x00000001054ce3b0, R11=0x0000000123c0c400
R12=0x00007fc362008a00, R13=0x0000000000000000, R14=0x0000000000000000, R15=0x0000000000000000
RIP=0x0000000104803414, EFLAGS=0x0000000000010246, ERR=0x0000000000000004
  TRAPNO=0x000000000000000e

Top of Stack: (sp=0x000070000dabfdf0)
0x000070000dabfdf0:   000070000dabfe80 0000000104d771f1
0x000070000dabfe00:   00007fc362008a00 0000000000000000
0x000070000dabfe10:   000000010065cb76 00007fc362008a00
0x000070000dabfe20:   b75dc7f1f948006c 00007fc362008a00
0x000070000dabfe30:   0000000000000000 0000000000000000
0x000070000dabfe40:   00007fc362008d10 00007fc362008a00
0x000070000dabfe50:   000070000dabfe80 00007fc362008d10
0x000070000dabfe60:   00007fc360a05530 0000000000000000
0x000070000dabfe70:   0000000000000000 00007fc362008d10
0x000070000dabfe80:   000070000dabff10 00000001006588a6
0x000070000dabfe90:   00007fc362008d10 00007fc362008a00
0x000070000dabfea0:   000070000dabfed0 0000000104d63a88
0x000070000dabfeb0:   b75dc7f1f948006c 00007fc360a05548
0x000070000dabfec0:   00007fc360a05530 0000000000000000
0x000070000dabfed0:   00007fc362008d10 00007fc362008a00
0x000070000dabfee0:   000070000dabff10 b75dc7f1f948006c
0x000070000dabfef0:   00007fc360a05548 00007fc360a05530
0x000070000dabff00:   00007fc360a05538 00007fc362008d10
0x000070000dabff10:   000070000dabffa0 0000000100655e3a
0x000070000dabff20:   0000000000000000 0000000000000000
0x000070000dabff30:   0000000500010002 00007fc36080a800
0x000070000dabff40:   0000000000000000 0000000000000000
0x000070000dabff50:   0000000000000001 00007fc35f505840
0x000070000dabff60:   00007fc35f404490 00007fc362008d10
0x000070000dabff70:   0000000105470e50 000070000dac0000
0x000070000dabff80:   0000000000000000 0000000000000000
0x000070000dabff90:   0000000000000000 0000000000000000
0x000070000dabffa0:   000070000dabffb0 0000000100658519
0x000070000dabffb0:   000070000dabffd0 00007fff2032e8fc
0x000070000dabffc0:   0000000000000000 0000000000000000
0x000070000dabffd0:   000070000dabfff0 00007fff2032a443
0x000070000dabffe0:   0000000000000000 0000000000000000 

Instructions: (pc=0x0000000104803414)
0x0000000104803314:   ff 0b 73 0e 48 63 c7 48 8d 0d da c3 b6 00 8b 04
0x0000000104803324:   81 c3 55 48 89 e5 48 8d 3d b5 b3 ae 00 be 9c 00
0x0000000104803334:   00 00 e8 a5 cb 34 00 e8 10 e9 88 00 31 c0 5d c3
0x0000000104803344:   66 2e 0f 1f 84 00 00 00 00 00 66 90 55 48 89 e5
0x0000000104803354:   48 8b 47 08 0f b7 48 32 0f b7 40 30 8d 44 01 19
0x0000000104803364:   5d c3 66 2e 0f 1f 84 00 00 00 00 00 55 48 89 e5
0x0000000104803374:   53 50 48 89 fb 48 8d 0d a8 a8 ca 00 48 8d 05 59
0x0000000104803384:   dc c9 00 48 8b 00 8b 40 10 ff c8 80 39 00 74 10
0x0000000104803394:   83 f8 04 73 1f 48 98 48 8d 0d 6e ef ba 00 eb 0e
0x00000001048033a4:   83 f8 04 73 0f 48 98 48 8d 0d 7e ef ba 00 48 8b
0x00000001048033b4:   04 c1 eb 21 48 8d 3d 5e b3 ae 00 48 8d 15 87 b3
0x00000001048033c4:   ae 00 be e8 00 00 00 31 c0 e8 0e c9 34 00 e8 79
0x00000001048033d4:   e8 88 00 31 c0 48 89 05 10 8e c6 00 48 89 df 48
0x00000001048033e4:   83 c4 08 5b 5d ff e0 0f 1f 44 00 00 55 48 89 e5
0x00000001048033f4:   48 8b 07 5d c3 0f 1f 80 00 00 00 00 55 48 89 e5
0x0000000104803404:   48 8b 07 5d c3 0f 1f 80 00 00 00 00 55 48 89 e5
0x0000000104803414:   48 8b 07 5d c3 0f 1f 80 00 00 00 00 55 48 89 e5
0x0000000104803424:   41 57 41 56 53 50 48 8b 1f 4c 8d 3d 14 ab cd 00
0x0000000104803434:   49 85 1f 74 47 49 89 fe 48 89 df e8 bc 31 ab 00
0x0000000104803444:   48 89 c1 48 85 c0 74 31 48 89 d8 f0 49 0f b1 0e
0x0000000104803454:   48 39 d8 74 24 48 89 c2 0f 1f 40 00 49 85 17 74
0x0000000104803464:   03 48 89 d3 74 13 48 89 d8 f0 49 0f b1 0e 48 39
0x0000000104803474:   d8 48 89 d3 48 89 c2 75 e3 48 89 cb 48 89 d8 48
0x0000000104803484:   83 c4 08 5b 41 5e 41 5f 5d c3 66 90 55 48 89 e5
0x0000000104803494:   48 8b 07 5d c3 0f 1f 80 00 00 00 00 55 48 89 e5
0x00000001048034a4:   48 8b 07 5d c3 0f 1f 80 00 00 00 00 55 48 89 e5
0x00000001048034b4:   48 8b 07 5d c3 0f 1f 80 00 00 00 00 55 48 89 e5
0x00000001048034c4:   41 57 41 56 53 50 48 8b 1f 4c 8d 3d 74 aa cd 00
0x00000001048034d4:   49 85 1f 74 47 49 89 fe 48 89 df e8 1c 31 ab 00
0x00000001048034e4:   48 89 c1 48 85 c0 74 31 48 89 d8 f0 49 0f b1 0e
0x00000001048034f4:   48 39 d8 74 24 48 89 c2 0f 1f 40 00 49 85 17 74
0x0000000104803504:   03 48 89 d3 74 13 48 89 d8 f0 49 0f b1 0e 48 39 


Stack slot to memory mapping:
stack at sp + 0 slots: 0x000070000dabfe80 is pointing into the stack for thread: 0x00007fc362008a00
stack at sp + 1 slots: 0x0000000104d771f1: jni_GetStringUTFChars+0xd1 in /Volumes/Spring Tool Suite 4/SpringToolSuite4.app/Contents/Eclipse/plugins/org.eclipse.justj.openjdk.hotspot.jre.full.macosx.x86_64_16.0.1.v20210528-1205/jre/lib/server/libjvm.dylib at 0x0000000104800000
stack at sp + 2 slots: 0x00007fc362008a00 is a thread
stack at sp + 3 slots: 0x0 is NULL
stack at sp + 4 slots: 0x000000010065cb76: JLI_List_split.cold.2+0x1d76 in /Volumes/Spring Tool Suite 4/SpringToolSuite4.app/Contents/Eclipse/plugins/org.eclipse.justj.openjdk.hotspot.jre.full.macosx.x86_64_16.0.1.v20210528-1205/jre/lib/libjli.dylib at 0x0000000100651000
stack at sp + 5 slots: 0x00007fc362008a00 is a thread
stack at sp + 6 slots: 0xb75dc7f1f948006c is an unknown value
stack at sp + 7 slots: 0x00007fc362008a00 is a thread


---------------  P R O C E S S  ---------------

Threads class SMR info:
_java_thread_list=0x00007fc360830b40, length=11, elements={
0x00007fc362008a00, 0x00007fc364008200, 0x00007fc36103dc00, 0x00007fc36103e200,
0x00007fc361041a00, 0x00007fc361042000, 0x00007fc361042600, 0x00007fc364008e00,
0x00007fc36400b600, 0x00007fc35f879e00, 0x00007fc36103f800
}

Java Threads: ( => current thread )
=>0x00007fc362008a00 JavaThread "main" [_thread_in_vm, id=9475, stack(0x000070000d9c0000,0x000070000dac0000)]
  0x00007fc364008200 JavaThread "Reference Handler" daemon [_thread_blocked, id=16643, stack(0x000070000e0d5000,0x000070000e1d5000)]
  0x00007fc36103dc00 JavaThread "Finalizer" daemon [_thread_blocked, id=16387, stack(0x000070000e1d8000,0x000070000e2d8000)]
  0x00007fc36103e200 JavaThread "Signal Dispatcher" daemon [_thread_blocked, id=43011, stack(0x000070000e3e1000,0x000070000e4e1000)]
  0x00007fc361041a00 JavaThread "Service Thread" daemon [_thread_blocked, id=22787, stack(0x000070000e4e4000,0x000070000e5e4000)]
  0x00007fc361042000 JavaThread "Monitor Deflation Thread" daemon [_thread_blocked, id=23299, stack(0x000070000e5e7000,0x000070000e6e7000)]
  0x00007fc361042600 JavaThread "C2 CompilerThread0" daemon [_thread_blocked, id=42499, stack(0x000070000e6ea000,0x000070000e7ea000)]
  0x00007fc364008e00 JavaThread "C1 CompilerThread0" daemon [_thread_blocked, id=23811, stack(0x000070000e7ed000,0x000070000e8ed000)]
  0x00007fc36400b600 JavaThread "Sweeper thread" daemon [_thread_blocked, id=24323, stack(0x000070000e8f0000,0x000070000e9f0000)]
  0x00007fc35f879e00 JavaThread "Notification Thread" daemon [_thread_blocked, id=41731, stack(0x000070000e9f3000,0x000070000eaf3000)]
  0x00007fc36103f800 JavaThread "Common-Cleaner" daemon [_thread_blocked, id=25091, stack(0x000070000ebf9000,0x000070000ecf9000)]

Other Threads:
  0x00007fc35f4356e0 VMThread "VM Thread" [stack: 0x000070000dfd2000,0x000070000e0d2000] [id=14083]
  0x00007fc35f44d4b0 WatcherThread [stack: 0x000070000eaf6000,0x000070000ebf6000] [id=24579]
  0x00007fc35f60b800 GCTaskThread "GC Thread#0" [stack: 0x000070000dac3000,0x000070000dbc3000] [id=19459]
  0x00007fc35f60c760 ConcurrentGCThread "G1 Main Marker" [stack: 0x000070000dbc6000,0x000070000dcc6000] [id=12291]
  0x00007fc35f60d640 ConcurrentGCThread "G1 Conc#0" [stack: 0x000070000dcc9000,0x000070000ddc9000] [id=18435]
  0x00007fc360815b40 ConcurrentGCThread "G1 Refine#0" [stack: 0x000070000ddcc000,0x000070000decc000] [id=17667]
  0x00007fc360816a10 ConcurrentGCThread "G1 Service" [stack: 0x000070000decf000,0x000070000dfcf000] [id=17411]

Threads with active compile tasks:

VM state: not at safepoint (normal execution)

VM Mutex/Monitor currently owned by a thread: None

Heap address: 0x0000000700000000, size: 4096 MB, Compressed Oops mode: Zero based, Oop shift amount: 3

CDS disabled.
Compressed class space mapped at: 0x0000000800000000-0x0000000840000000, reserved size: 1073741824
Narrow klass base: 0x0000000800000000, Narrow klass shift: 0, Narrow klass range: 0x40000000

GC Precious Log:
 CPUs: 8 total, 8 available
 Memory: 16384M
 Large Page Support: Disabled
 NUMA Support: Disabled
 Compressed Oops: Enabled (Zero based)
 Heap Region Size: 2M
 Heap Min Capacity: 8M
 Heap Initial Capacity: 256M
 Heap Max Capacity: 4G
 Pre-touch: Disabled
 Parallel Workers: 8
 Concurrent Workers: 2
 Concurrent Refinement Workers: 8
 Periodic GC: Disabled

Heap:
 garbage-first heap   total 262144K, used 4096K [0x0000000700000000, 0x0000000800000000)
  region size 2048K, 3 young (6144K), 0 survivors (0K)
 Metaspace       used 5875K, committed 5952K, reserved 1056768K
  class space    used 470K, committed 512K, reserved 1048576K

Heap Regions: E=young(eden), S=young(survivor), O=old, HS=humongous(starts), HC=humongous(continues), CS=collection set, F=free, OA=open archive, CA=closed archive, TAMS=top-at-mark-start (previous, next)
|   0|0x0000000700000000, 0x0000000700000000, 0x0000000700200000|  0%| F|  |TAMS 0x0000000700000000, 0x0000000700000000| Untracked 
|   1|0x0000000700200000, 0x0000000700200000, 0x0000000700400000|  0%| F|  |TAMS 0x0000000700200000, 0x0000000700200000| Untracked 
|   2|0x0000000700400000, 0x0000000700400000, 0x0000000700600000|  0%| F|  |TAMS 0x0000000700400000, 0x0000000700400000| Untracked 
|   3|0x0000000700600000, 0x0000000700600000, 0x0000000700800000|  0%| F|  |TAMS 0x0000000700600000, 0x0000000700600000| Untracked 
|   4|0x0000000700800000, 0x0000000700800000, 0x0000000700a00000|  0%| F|  |TAMS 0x0000000700800000, 0x0000000700800000| Untracked 
|   5|0x0000000700a00000, 0x0000000700a00000, 0x0000000700c00000|  0%| F|  |TAMS 0x0000000700a00000, 0x0000000700a00000| Untracked 
|   6|0x0000000700c00000, 0x0000000700c00000, 0x0000000700e00000|  0%| F|  |TAMS 0x0000000700c00000, 0x0000000700c00000| Untracked 
|   7|0x0000000700e00000, 0x0000000700e00000, 0x0000000701000000|  0%| F|  |TAMS 0x0000000700e00000, 0x0000000700e00000| Untracked 
|   8|0x0000000701000000, 0x0000000701000000, 0x0000000701200000|  0%| F|  |TAMS 0x0000000701000000, 0x0000000701000000| Untracked 
|   9|0x0000000701200000, 0x0000000701200000, 0x0000000701400000|  0%| F|  |TAMS 0x0000000701200000, 0x0000000701200000| Untracked 
|  10|0x0000000701400000, 0x0000000701400000, 0x0000000701600000|  0%| F|  |TAMS 0x0000000701400000, 0x0000000701400000| Untracked 
|  11|0x0000000701600000, 0x0000000701600000, 0x0000000701800000|  0%| F|  |TAMS 0x0000000701600000, 0x0000000701600000| Untracked 
|  12|0x0000000701800000, 0x0000000701800000, 0x0000000701a00000|  0%| F|  |TAMS 0x0000000701800000, 0x0000000701800000| Untracked 
|  13|0x0000000701a00000, 0x0000000701a00000, 0x0000000701c00000|  0%| F|  |TAMS 0x0000000701a00000, 0x0000000701a00000| Untracked 
|  14|0x0000000701c00000, 0x0000000701c00000, 0x0000000701e00000|  0%| F|  |TAMS 0x0000000701c00000, 0x0000000701c00000| Untracked 
|  15|0x0000000701e00000, 0x0000000701e00000, 0x0000000702000000|  0%| F|  |TAMS 0x0000000701e00000, 0x0000000701e00000| Untracked 
|  16|0x0000000702000000, 0x0000000702000000, 0x0000000702200000|  0%| F|  |TAMS 0x0000000702000000, 0x0000000702000000| Untracked 
|  17|0x0000000702200000, 0x0000000702200000, 0x0000000702400000|  0%| F|  |TAMS 0x0000000702200000, 0x0000000702200000| Untracked 
|  18|0x0000000702400000, 0x0000000702400000, 0x0000000702600000|  0%| F|  |TAMS 0x0000000702400000, 0x0000000702400000| Untracked 
|  19|0x0000000702600000, 0x0000000702600000, 0x0000000702800000|  0%| F|  |TAMS 0x0000000702600000, 0x0000000702600000| Untracked 
|  20|0x0000000702800000, 0x0000000702800000, 0x0000000702a00000|  0%| F|  |TAMS 0x0000000702800000, 0x0000000702800000| Untracked 
|  21|0x0000000702a00000, 0x0000000702a00000, 0x0000000702c00000|  0%| F|  |TAMS 0x0000000702a00000, 0x0000000702a00000| Untracked 
|  22|0x0000000702c00000, 0x0000000702c00000, 0x0000000702e00000|  0%| F|  |TAMS 0x0000000702c00000, 0x0000000702c00000| Untracked 
|  23|0x0000000702e00000, 0x0000000702e00000, 0x0000000703000000|  0%| F|  |TAMS 0x0000000702e00000, 0x0000000702e00000| Untracked 
|  24|0x0000000703000000, 0x0000000703000000, 0x0000000703200000|  0%| F|  |TAMS 0x0000000703000000, 0x0000000703000000| Untracked 
|  25|0x0000000703200000, 0x0000000703200000, 0x0000000703400000|  0%| F|  |TAMS 0x0000000703200000, 0x0000000703200000| Untracked 
|  26|0x0000000703400000, 0x0000000703400000, 0x0000000703600000|  0%| F|  |TAMS 0x0000000703400000, 0x0000000703400000| Untracked 
|  27|0x0000000703600000, 0x0000000703600000, 0x0000000703800000|  0%| F|  |TAMS 0x0000000703600000, 0x0000000703600000| Untracked 
|  28|0x0000000703800000, 0x0000000703800000, 0x0000000703a00000|  0%| F|  |TAMS 0x0000000703800000, 0x0000000703800000| Untracked 
|  29|0x0000000703a00000, 0x0000000703a00000, 0x0000000703c00000|  0%| F|  |TAMS 0x0000000703a00000, 0x0000000703a00000| Untracked 
|  30|0x0000000703c00000, 0x0000000703c00000, 0x0000000703e00000|  0%| F|  |TAMS 0x0000000703c00000, 0x0000000703c00000| Untracked 
|  31|0x0000000703e00000, 0x0000000703e00000, 0x0000000704000000|  0%| F|  |TAMS 0x0000000703e00000, 0x0000000703e00000| Untracked 
|  32|0x0000000704000000, 0x0000000704000000, 0x0000000704200000|  0%| F|  |TAMS 0x0000000704000000, 0x0000000704000000| Untracked 
|  33|0x0000000704200000, 0x0000000704200000, 0x0000000704400000|  0%| F|  |TAMS 0x0000000704200000, 0x0000000704200000| Untracked 
|  34|0x0000000704400000, 0x0000000704400000, 0x0000000704600000|  0%| F|  |TAMS 0x0000000704400000, 0x0000000704400000| Untracked 
|  35|0x0000000704600000, 0x0000000704600000, 0x0000000704800000|  0%| F|  |TAMS 0x0000000704600000, 0x0000000704600000| Untracked 
|  36|0x0000000704800000, 0x0000000704800000, 0x0000000704a00000|  0%| F|  |TAMS 0x0000000704800000, 0x0000000704800000| Untracked 
|  37|0x0000000704a00000, 0x0000000704a00000, 0x0000000704c00000|  0%| F|  |TAMS 0x0000000704a00000, 0x0000000704a00000| Untracked 
|  38|0x0000000704c00000, 0x0000000704c00000, 0x0000000704e00000|  0%| F|  |TAMS 0x0000000704c00000, 0x0000000704c00000| Untracked 
|  39|0x0000000704e00000, 0x0000000704e00000, 0x0000000705000000|  0%| F|  |TAMS 0x0000000704e00000, 0x0000000704e00000| Untracked 
|  40|0x0000000705000000, 0x0000000705000000, 0x0000000705200000|  0%| F|  |TAMS 0x0000000705000000, 0x0000000705000000| Untracked 
|  41|0x0000000705200000, 0x0000000705200000, 0x0000000705400000|  0%| F|  |TAMS 0x0000000705200000, 0x0000000705200000| Untracked 
|  42|0x0000000705400000, 0x0000000705400000, 0x0000000705600000|  0%| F|  |TAMS 0x0000000705400000, 0x0000000705400000| Untracked 
|  43|0x0000000705600000, 0x0000000705600000, 0x0000000705800000|  0%| F|  |TAMS 0x0000000705600000, 0x0000000705600000| Untracked 
|  44|0x0000000705800000, 0x0000000705800000, 0x0000000705a00000|  0%| F|  |TAMS 0x0000000705800000, 0x0000000705800000| Untracked 
|  45|0x0000000705a00000, 0x0000000705a00000, 0x0000000705c00000|  0%| F|  |TAMS 0x0000000705a00000, 0x0000000705a00000| Untracked 
|  46|0x0000000705c00000, 0x0000000705c00000, 0x0000000705e00000|  0%| F|  |TAMS 0x0000000705c00000, 0x0000000705c00000| Untracked 
|  47|0x0000000705e00000, 0x0000000705e00000, 0x0000000706000000|  0%| F|  |TAMS 0x0000000705e00000, 0x0000000705e00000| Untracked 
|  48|0x0000000706000000, 0x0000000706000000, 0x0000000706200000|  0%| F|  |TAMS 0x0000000706000000, 0x0000000706000000| Untracked 
|  49|0x0000000706200000, 0x0000000706200000, 0x0000000706400000|  0%| F|  |TAMS 0x0000000706200000, 0x0000000706200000| Untracked 
|  50|0x0000000706400000, 0x0000000706400000, 0x0000000706600000|  0%| F|  |TAMS 0x0000000706400000, 0x0000000706400000| Untracked 
|  51|0x0000000706600000, 0x0000000706600000, 0x0000000706800000|  0%| F|  |TAMS 0x0000000706600000, 0x0000000706600000| Untracked 
|  52|0x0000000706800000, 0x0000000706800000, 0x0000000706a00000|  0%| F|  |TAMS 0x0000000706800000, 0x0000000706800000| Untracked 
|  53|0x0000000706a00000, 0x0000000706a00000, 0x0000000706c00000|  0%| F|  |TAMS 0x0000000706a00000, 0x0000000706a00000| Untracked 
|  54|0x0000000706c00000, 0x0000000706c00000, 0x0000000706e00000|  0%| F|  |TAMS 0x0000000706c00000, 0x0000000706c00000| Untracked 
|  55|0x0000000706e00000, 0x0000000706e00000, 0x0000000707000000|  0%| F|  |TAMS 0x0000000706e00000, 0x0000000706e00000| Untracked 
|  56|0x0000000707000000, 0x0000000707000000, 0x0000000707200000|  0%| F|  |TAMS 0x0000000707000000, 0x0000000707000000| Untracked 
|  57|0x0000000707200000, 0x0000000707200000, 0x0000000707400000|  0%| F|  |TAMS 0x0000000707200000, 0x0000000707200000| Untracked 
|  58|0x0000000707400000, 0x0000000707400000, 0x0000000707600000|  0%| F|  |TAMS 0x0000000707400000, 0x0000000707400000| Untracked 
|  59|0x0000000707600000, 0x0000000707600000, 0x0000000707800000|  0%| F|  |TAMS 0x0000000707600000, 0x0000000707600000| Untracked 
|  60|0x0000000707800000, 0x0000000707800000, 0x0000000707a00000|  0%| F|  |TAMS 0x0000000707800000, 0x0000000707800000| Untracked 
|  61|0x0000000707a00000, 0x0000000707a00000, 0x0000000707c00000|  0%| F|  |TAMS 0x0000000707a00000, 0x0000000707a00000| Untracked 
|  62|0x0000000707c00000, 0x0000000707c00000, 0x0000000707e00000|  0%| F|  |TAMS 0x0000000707c00000, 0x0000000707c00000| Untracked 
|  63|0x0000000707e00000, 0x0000000707e00000, 0x0000000708000000|  0%| F|  |TAMS 0x0000000707e00000, 0x0000000707e00000| Untracked 
|  64|0x0000000708000000, 0x0000000708000000, 0x0000000708200000|  0%| F|  |TAMS 0x0000000708000000, 0x0000000708000000| Untracked 
|  65|0x0000000708200000, 0x0000000708200000, 0x0000000708400000|  0%| F|  |TAMS 0x0000000708200000, 0x0000000708200000| Untracked 
|  66|0x0000000708400000, 0x0000000708400000, 0x0000000708600000|  0%| F|  |TAMS 0x0000000708400000, 0x0000000708400000| Untracked 
|  67|0x0000000708600000, 0x0000000708600000, 0x0000000708800000|  0%| F|  |TAMS 0x0000000708600000, 0x0000000708600000| Untracked 
|  68|0x0000000708800000, 0x0000000708800000, 0x0000000708a00000|  0%| F|  |TAMS 0x0000000708800000, 0x0000000708800000| Untracked 
|  69|0x0000000708a00000, 0x0000000708a00000, 0x0000000708c00000|  0%| F|  |TAMS 0x0000000708a00000, 0x0000000708a00000| Untracked 
|  70|0x0000000708c00000, 0x0000000708c00000, 0x0000000708e00000|  0%| F|  |TAMS 0x0000000708c00000, 0x0000000708c00000| Untracked 
|  71|0x0000000708e00000, 0x0000000708e00000, 0x0000000709000000|  0%| F|  |TAMS 0x0000000708e00000, 0x0000000708e00000| Untracked 
|  72|0x0000000709000000, 0x0000000709000000, 0x0000000709200000|  0%| F|  |TAMS 0x0000000709000000, 0x0000000709000000| Untracked 
|  73|0x0000000709200000, 0x0000000709200000, 0x0000000709400000|  0%| F|  |TAMS 0x0000000709200000, 0x0000000709200000| Untracked 
|  74|0x0000000709400000, 0x0000000709400000, 0x0000000709600000|  0%| F|  |TAMS 0x0000000709400000, 0x0000000709400000| Untracked 
|  75|0x0000000709600000, 0x0000000709600000, 0x0000000709800000|  0%| F|  |TAMS 0x0000000709600000, 0x0000000709600000| Untracked 
|  76|0x0000000709800000, 0x0000000709800000, 0x0000000709a00000|  0%| F|  |TAMS 0x0000000709800000, 0x0000000709800000| Untracked 
|  77|0x0000000709a00000, 0x0000000709a00000, 0x0000000709c00000|  0%| F|  |TAMS 0x0000000709a00000, 0x0000000709a00000| Untracked 
|  78|0x0000000709c00000, 0x0000000709c00000, 0x0000000709e00000|  0%| F|  |TAMS 0x0000000709c00000, 0x0000000709c00000| Untracked 
|  79|0x0000000709e00000, 0x0000000709e00000, 0x000000070a000000|  0%| F|  |TAMS 0x0000000709e00000, 0x0000000709e00000| Untracked 
|  80|0x000000070a000000, 0x000000070a000000, 0x000000070a200000|  0%| F|  |TAMS 0x000000070a000000, 0x000000070a000000| Untracked 
|  81|0x000000070a200000, 0x000000070a200000, 0x000000070a400000|  0%| F|  |TAMS 0x000000070a200000, 0x000000070a200000| Untracked 
|  82|0x000000070a400000, 0x000000070a400000, 0x000000070a600000|  0%| F|  |TAMS 0x000000070a400000, 0x000000070a400000| Untracked 
|  83|0x000000070a600000, 0x000000070a600000, 0x000000070a800000|  0%| F|  |TAMS 0x000000070a600000, 0x000000070a600000| Untracked 
|  84|0x000000070a800000, 0x000000070a800000, 0x000000070aa00000|  0%| F|  |TAMS 0x000000070a800000, 0x000000070a800000| Untracked 
|  85|0x000000070aa00000, 0x000000070aa00000, 0x000000070ac00000|  0%| F|  |TAMS 0x000000070aa00000, 0x000000070aa00000| Untracked 
|  86|0x000000070ac00000, 0x000000070ac00000, 0x000000070ae00000|  0%| F|  |TAMS 0x000000070ac00000, 0x000000070ac00000| Untracked 
|  87|0x000000070ae00000, 0x000000070ae00000, 0x000000070b000000|  0%| F|  |TAMS 0x000000070ae00000, 0x000000070ae00000| Untracked 
|  88|0x000000070b000000, 0x000000070b000000, 0x000000070b200000|  0%| F|  |TAMS 0x000000070b000000, 0x000000070b000000| Untracked 
|  89|0x000000070b200000, 0x000000070b200000, 0x000000070b400000|  0%| F|  |TAMS 0x000000070b200000, 0x000000070b200000| Untracked 
|  90|0x000000070b400000, 0x000000070b400000, 0x000000070b600000|  0%| F|  |TAMS 0x000000070b400000, 0x000000070b400000| Untracked 
|  91|0x000000070b600000, 0x000000070b600000, 0x000000070b800000|  0%| F|  |TAMS 0x000000070b600000, 0x000000070b600000| Untracked 
|  92|0x000000070b800000, 0x000000070b800000, 0x000000070ba00000|  0%| F|  |TAMS 0x000000070b800000, 0x000000070b800000| Untracked 
|  93|0x000000070ba00000, 0x000000070ba00000, 0x000000070bc00000|  0%| F|  |TAMS 0x000000070ba00000, 0x000000070ba00000| Untracked 
|  94|0x000000070bc00000, 0x000000070bc00000, 0x000000070be00000|  0%| F|  |TAMS 0x000000070bc00000, 0x000000070bc00000| Untracked 
|  95|0x000000070be00000, 0x000000070be00000, 0x000000070c000000|  0%| F|  |TAMS 0x000000070be00000, 0x000000070be00000| Untracked 
|  96|0x000000070c000000, 0x000000070c000000, 0x000000070c200000|  0%| F|  |TAMS 0x000000070c000000, 0x000000070c000000| Untracked 
|  97|0x000000070c200000, 0x000000070c200000, 0x000000070c400000|  0%| F|  |TAMS 0x000000070c200000, 0x000000070c200000| Untracked 
|  98|0x000000070c400000, 0x000000070c400000, 0x000000070c600000|  0%| F|  |TAMS 0x000000070c400000, 0x000000070c400000| Untracked 
|  99|0x000000070c600000, 0x000000070c600000, 0x000000070c800000|  0%| F|  |TAMS 0x000000070c600000, 0x000000070c600000| Untracked 
| 100|0x000000070c800000, 0x000000070c800000, 0x000000070ca00000|  0%| F|  |TAMS 0x000000070c800000, 0x000000070c800000| Untracked 
| 101|0x000000070ca00000, 0x000000070ca00000, 0x000000070cc00000|  0%| F|  |TAMS 0x000000070ca00000, 0x000000070ca00000| Untracked 
| 102|0x000000070cc00000, 0x000000070cc00000, 0x000000070ce00000|  0%| F|  |TAMS 0x000000070cc00000, 0x000000070cc00000| Untracked 
| 103|0x000000070ce00000, 0x000000070ce00000, 0x000000070d000000|  0%| F|  |TAMS 0x000000070ce00000, 0x000000070ce00000| Untracked 
| 104|0x000000070d000000, 0x000000070d000000, 0x000000070d200000|  0%| F|  |TAMS 0x000000070d000000, 0x000000070d000000| Untracked 
| 105|0x000000070d200000, 0x000000070d200000, 0x000000070d400000|  0%| F|  |TAMS 0x000000070d200000, 0x000000070d200000| Untracked 
| 106|0x000000070d400000, 0x000000070d400000, 0x000000070d600000|  0%| F|  |TAMS 0x000000070d400000, 0x000000070d400000| Untracked 
| 107|0x000000070d600000, 0x000000070d600000, 0x000000070d800000|  0%| F|  |TAMS 0x000000070d600000, 0x000000070d600000| Untracked 
| 108|0x000000070d800000, 0x000000070d800000, 0x000000070da00000|  0%| F|  |TAMS 0x000000070d800000, 0x000000070d800000| Untracked 
| 109|0x000000070da00000, 0x000000070da00000, 0x000000070dc00000|  0%| F|  |TAMS 0x000000070da00000, 0x000000070da00000| Untracked 
| 110|0x000000070dc00000, 0x000000070dc00000, 0x000000070de00000|  0%| F|  |TAMS 0x000000070dc00000, 0x000000070dc00000| Untracked 
| 111|0x000000070de00000, 0x000000070de00000, 0x000000070e000000|  0%| F|  |TAMS 0x000000070de00000, 0x000000070de00000| Untracked 
| 112|0x000000070e000000, 0x000000070e000000, 0x000000070e200000|  0%| F|  |TAMS 0x000000070e000000, 0x000000070e000000| Untracked 
| 113|0x000000070e200000, 0x000000070e200000, 0x000000070e400000|  0%| F|  |TAMS 0x000000070e200000, 0x000000070e200000| Untracked 
| 114|0x000000070e400000, 0x000000070e400000, 0x000000070e600000|  0%| F|  |TAMS 0x000000070e400000, 0x000000070e400000| Untracked 
| 115|0x000000070e600000, 0x000000070e600000, 0x000000070e800000|  0%| F|  |TAMS 0x000000070e600000, 0x000000070e600000| Untracked 
| 116|0x000000070e800000, 0x000000070e800000, 0x000000070ea00000|  0%| F|  |TAMS 0x000000070e800000, 0x000000070e800000| Untracked 
| 117|0x000000070ea00000, 0x000000070ea00000, 0x000000070ec00000|  0%| F|  |TAMS 0x000000070ea00000, 0x000000070ea00000| Untracked 
| 118|0x000000070ec00000, 0x000000070ec00000, 0x000000070ee00000|  0%| F|  |TAMS 0x000000070ec00000, 0x000000070ec00000| Untracked 
| 119|0x000000070ee00000, 0x000000070ee00000, 0x000000070f000000|  0%| F|  |TAMS 0x000000070ee00000, 0x000000070ee00000| Untracked 
| 120|0x000000070f000000, 0x000000070f000000, 0x000000070f200000|  0%| F|  |TAMS 0x000000070f000000, 0x000000070f000000| Untracked 
| 121|0x000000070f200000, 0x000000070f200000, 0x000000070f400000|  0%| F|  |TAMS 0x000000070f200000, 0x000000070f200000| Untracked 
| 122|0x000000070f400000, 0x000000070f400000, 0x000000070f600000|  0%| F|  |TAMS 0x000000070f400000, 0x000000070f400000| Untracked 
| 123|0x000000070f600000, 0x000000070f600000, 0x000000070f800000|  0%| F|  |TAMS 0x000000070f600000, 0x000000070f600000| Untracked 
| 124|0x000000070f800000, 0x000000070f800000, 0x000000070fa00000|  0%| F|  |TAMS 0x000000070f800000, 0x000000070f800000| Untracked 
| 125|0x000000070fa00000, 0x000000070fa7df10, 0x000000070fc00000| 24%| E|  |TAMS 0x000000070fa00000, 0x000000070fa00000| Complete 
| 126|0x000000070fc00000, 0x000000070fe00000, 0x000000070fe00000|100%| E|CS|TAMS 0x000000070fc00000, 0x000000070fc00000| Complete 
| 127|0x000000070fe00000, 0x0000000710000000, 0x0000000710000000|100%| E|CS|TAMS 0x000000070fe00000, 0x000000070fe00000| Complete 

Card table byte_map: [0x0000000106176000,0x0000000106976000] _byte_map_base: 0x0000000102976000

Marking Bits (Prev, Next): (CMBitMap*) 0x00007fc360020a10, (CMBitMap*) 0x00007fc360020a50
 Prev Bits: [0x0000000119b64000, 0x000000011db64000)
 Next Bits: [0x000000011db64000, 0x0000000121b64000)

Polling page: 0x000000010068b000

Metaspace:

Usage:
  Non-class:      5.28 MB used.
      Class:    470.56 KB used.
       Both:      5.74 MB used.

Virtual space:
  Non-class space:        8.00 MB reserved,       5.31 MB ( 66%) committed,  1 nodes.
      Class space:        1.00 GB reserved,     512.00 KB ( <1%) committed,  1 nodes.
              Both:        1.01 GB reserved,       5.81 MB ( <1%) committed. 

Chunk freelists:
   Non-Class:  2.70 MB
       Class:  3.53 MB
        Both:  6.23 MB

MaxMetaspaceSize: 17179869184.00 GB
CompressedClassSpaceSize: 1.00 GB
 - commit_granule_bytes: 65536.
 - commit_granule_words: 8192.
 - virtual_space_node_default_size: 1048576.
 - enlarge_chunks_in_place: 1.
 - new_chunks_are_fully_committed: 0.
 - uncommit_free_chunks: 1.
 - use_allocation_guard: 0.
 - handle_deallocations: 1.


Internal statistics:

num_allocs_failed_limit: 0.
num_arena_births: 6.
num_arena_deaths: 0.
num_vsnodes_births: 2.
num_vsnodes_deaths: 0.
num_space_committed: 93.
num_space_uncommitted: 0.
num_chunks_returned_to_freelist: 0.
num_chunks_taken_from_freelist: 29.
num_chunk_merges: 0.
num_chunk_splits: 13.
num_chunks_enlarged: 8.
num_purges: 0.

CodeHeap 'non-profiled nmethods': size=120028Kb used=50Kb max_used=50Kb free=119978Kb
 bounds [0x0000000111e2d000, 0x000000011209d000, 0x0000000119364000]
CodeHeap 'profiled nmethods': size=120028Kb used=212Kb max_used=212Kb free=119815Kb
 bounds [0x000000010a8f6000, 0x000000010ab66000, 0x0000000111e2d000]
CodeHeap 'non-nmethods': size=5704Kb used=1086Kb max_used=1100Kb free=4617Kb
 bounds [0x000000010a364000, 0x000000010a5d4000, 0x000000010a8f6000]
 total_blobs=532 nmethods=177 adapters=269
 compilation: enabled
              stopped_count=0, restarted_count=0
 full_count=0

Compilation events (20 events):
Event: 0.398 Thread 0x00007fc364008e00  168       3       java.nio.Buffer::nextGetIndex (30 bytes)
Event: 0.398 Thread 0x00007fc364008e00 nmethod 168 0x000000010a925390 code [0x000000010a925540, 0x000000010a925700]
Event: 0.398 Thread 0x00007fc364008e00  166       3       java.util.zip.ZipCoder::normalizedHash (36 bytes)
Event: 0.398 Thread 0x00007fc361042600  170       4       java.lang.String::hashCode (60 bytes)
Event: 0.398 Thread 0x00007fc364008e00 nmethod 166 0x000000010a925810 code [0x000000010a925a40, 0x000000010a926160]
Event: 0.399 Thread 0x00007fc364008e00  171  s!   3       jdk.internal.loader.URLClassPath::getLoader (194 bytes)
Event: 0.401 Thread 0x00007fc364008e00 nmethod 171 0x000000010a926490 code [0x000000010a9267a0, 0x000000010a927ba0]
Event: 0.401 Thread 0x00007fc364008e00  172   !   3       jdk.internal.loader.URLClassPath$JarLoader::getResource (65 bytes)
Event: 0.401 Thread 0x00007fc364008e00 nmethod 172 0x000000010a928390 code [0x000000010a928600, 0x000000010a928fa0]
Event: 0.401 Thread 0x00007fc364008e00  173   !   3       jdk.internal.loader.URLClassPath$JarLoader::ensureOpen (36 bytes)
Event: 0.401 Thread 0x00007fc364008e00 nmethod 173 0x000000010a929310 code [0x000000010a929500, 0x000000010a929990]
Event: 0.401 Thread 0x00007fc364008e00  174   !   3       java.util.zip.ZipFile::getEntry (59 bytes)
Event: 0.402 Thread 0x00007fc364008e00 nmethod 174 0x000000010a929b10 code [0x000000010a929d00, 0x000000010a92a170]
Event: 0.402 Thread 0x00007fc364008e00  175   !   3       java.util.jar.JarFile::isMultiRelease (33 bytes)
Event: 0.402 Thread 0x00007fc364008e00 nmethod 175 0x000000010a92a410 code [0x000000010a92a5c0, 0x000000010a92a7c0]
Event: 0.402 Thread 0x00007fc361042600 nmethod 170 0x0000000111e38f90 code [0x0000000111e39120, 0x0000000111e39378]
Event: 0.403 Thread 0x00007fc361042600  176       4       java.lang.String::isLatin1 (19 bytes)
Event: 0.403 Thread 0x00007fc364008e00  177       3       java.util.jar.JarFile::getEntry (35 bytes)
Event: 0.403 Thread 0x00007fc361042600 nmethod 176 0x0000000111e39510 code [0x0000000111e396a0, 0x0000000111e39738]
Event: 0.404 Thread 0x00007fc364008e00 nmethod 177 0x000000010a92a890 code [0x000000010a92aa80, 0x000000010a92af10]

GC Heap History (0 events):
No events

Deoptimization events (0 events):
No events

Classes unloaded (0 events):
No events

Classes redefined (0 events):
No events

Internal exceptions (0 events):
No events

Events (20 events):
Event: 0.393 loading class jdk/internal/jimage/decompressor/ResourceDecompressorFactory done
Event: 0.393 loading class jdk/internal/jimage/decompressor/ZipDecompressorFactory done
Event: 0.393 loading class jdk/internal/jimage/decompressor/StringSharingDecompressorFactory
Event: 0.393 loading class jdk/internal/jimage/decompressor/StringSharingDecompressorFactory done
Event: 0.393 loading class jdk/internal/jimage/decompressor/ZipDecompressor
Event: 0.393 loading class jdk/internal/jimage/decompressor/ResourceDecompressor
Event: 0.393 loading class jdk/internal/jimage/decompressor/ResourceDecompressor done
Event: 0.393 loading class jdk/internal/jimage/decompressor/ZipDecompressor done
Event: 0.394 loading class sun/net/www/protocol/jrt/Handler
Event: 0.394 loading class sun/net/www/protocol/jrt/Handler done
Event: 0.394 loading class java/lang/IllegalStateException
Event: 0.394 loading class java/lang/IllegalStateException done
Event: 0.399 loading class java/util/concurrent/ConcurrentHashMap$ForwardingNode
Event: 0.399 loading class java/util/concurrent/ConcurrentHashMap$ForwardingNode done
Event: 0.401 loading class java/lang/PublicMethods$MethodList
Event: 0.401 loading class java/lang/PublicMethods$MethodList done
Event: 0.405 loading class java/lang/PublicMethods$Key
Event: 0.406 loading class java/lang/PublicMethods$Key done
Event: 0.406 loading class java/lang/Class$EnclosingMethodInfo
Event: 0.406 loading class java/lang/Class$EnclosingMethodInfo done


Dynamic libraries:
0x00007fff2a437000 	/usr/lib/libz.1.dylib
0x0000000100651000 	/Volumes/Spring Tool Suite 4/SpringToolSuite4.app/Contents/Eclipse/plugins/org.eclipse.justj.openjdk.hotspot.jre.full.macosx.x86_64_16.0.1.v20210528-1205/jre/lib/libjli.dylib
0x00007fff34e45000 	/System/Library/Frameworks/Cocoa.framework/Versions/A/Cocoa
0x00007fff221ba000 	/System/Library/Frameworks/Security.framework/Versions/A/Security
0x00007fff33052000 	/System/Library/Frameworks/ApplicationServices.framework/Versions/A/ApplicationServices
0x00007fff2a4ff000 	/usr/lib/libSystem.B.dylib
0x00007fff2a4f9000 	/usr/lib/system/libcache.dylib
0x00007fff2a4b5000 	/usr/lib/system/libcommonCrypto.dylib
0x00007fff2a4df000 	/usr/lib/system/libcompiler_rt.dylib
0x00007fff2a4d4000 	/usr/lib/system/libcopyfile.dylib
0x00007fff200b6000 	/usr/lib/system/libcorecrypto.dylib
0x00007fff20181000 	/usr/lib/system/libdispatch.dylib
0x00007fff20334000 	/usr/lib/system/libdyld.dylib
0x00007fff2a4f0000 	/usr/lib/system/libkeymgr.dylib
0x00007fff2d906000 	/usr/lib/system/liblaunch.dylib
0x00007fff2a493000 	/usr/lib/system/libmacho.dylib
0x00007fff29c8b000 	/usr/lib/system/libquarantine.dylib
0x00007fff2a4ed000 	/usr/lib/system/libremovefile.dylib
0x00007fff24b90000 	/usr/lib/system/libsystem_asl.dylib
0x00007fff20066000 	/usr/lib/system/libsystem_blocks.dylib
0x00007fff20203000 	/usr/lib/system/libsystem_c.dylib
0x00007fff2a4e7000 	/usr/lib/system/libsystem_collections.dylib
0x00007fff28f91000 	/usr/lib/system/libsystem_configuration.dylib
0x00007fff28279000 	/usr/lib/system/libsystem_containermanager.dylib
0x00007fff2a236000 	/usr/lib/system/libsystem_coreservices.dylib
0x00007fff2276f000 	/usr/lib/system/libsystem_darwin.dylib
0x00007fff2a4f1000 	/usr/lib/system/libsystem_dnssd.dylib
0x00007fff20200000 	/usr/lib/system/libsystem_featureflags.dylib
0x00007fff2037a000 	/usr/lib/system/libsystem_info.dylib
0x00007fff2a44a000 	/usr/lib/system/libsystem_m.dylib
0x00007fff20154000 	/usr/lib/system/libsystem_malloc.dylib
0x00007fff24b23000 	/usr/lib/system/libsystem_networkextension.dylib
0x00007fff22b8e000 	/usr/lib/system/libsystem_notify.dylib
0x00007fff2fd95000 	/usr/lib/system/libsystem_product_info_filter.dylib
0x00007fff28f95000 	/usr/lib/system/libsystem_sandbox.dylib
0x00007fff2a4ea000 	/usr/lib/system/libsystem_secinit.dylib
0x00007fff202f8000 	/usr/lib/system/libsystem_kernel.dylib
0x00007fff20370000 	/usr/lib/system/libsystem_platform.dylib
0x00007fff20328000 	/usr/lib/system/libsystem_pthread.dylib
0x00007fff2626b000 	/usr/lib/system/libsystem_symptoms.dylib
0x00007fff2009e000 	/usr/lib/system/libsystem_trace.dylib
0x00007fff2a4c1000 	/usr/lib/system/libunwind.dylib
0x00007fff20068000 	/usr/lib/system/libxpc.dylib
0x00007fff202e2000 	/usr/lib/libc++abi.dylib
0x00007fff201c6000 	/usr/lib/libobjc.A.dylib
0x00007fff2a4cc000 	/usr/lib/liboah.dylib
0x00007fff2028c000 	/usr/lib/libc++.1.dylib
0x00007fff203a6000 	/System/Library/Frameworks/CoreFoundation.framework/Versions/A/CoreFoundation
0x00007fff21153000 	/System/Library/Frameworks/Foundation.framework/Versions/C/Foundation
0x00007fff22be8000 	/System/Library/Frameworks/AppKit.framework/Versions/C/AppKit
0x00007fff25aa7000 	/System/Library/Frameworks/CoreData.framework/Versions/A/CoreData
0x00007fff23931000 	/System/Library/PrivateFrameworks/UIFoundation.framework/Versions/A/UIFoundation
0x00007fff2fb28000 	/System/Library/PrivateFrameworks/RemoteViewServices.framework/Versions/A/RemoteViewServices
0x00007fff28943000 	/System/Library/PrivateFrameworks/XCTTargetBootstrap.framework/Versions/A/XCTTargetBootstrap
0x00007fff2b628000 	/usr/lib/libspindump.dylib
0x00007fff23b80000 	/System/Library/Frameworks/UniformTypeIdentifiers.framework/Versions/A/UniformTypeIdentifiers
0x00007fff27143000 	/usr/lib/libapp_launch_measurement.dylib
0x00007fff27146000 	/System/Library/PrivateFrameworks/CoreAutoLayout.framework/Versions/A/CoreAutoLayout
0x00007fff282a6000 	/System/Library/Frameworks/Metal.framework/Versions/A/Metal
0x00007fff28fa0000 	/usr/lib/liblangid.dylib
0x00007fff28947000 	/System/Library/PrivateFrameworks/CoreSVG.framework/Versions/A/CoreSVG
0x00007fff24bbf000 	/System/Library/PrivateFrameworks/SkyLight.framework/Versions/A/SkyLight
0x00007fff24f24000 	/System/Library/Frameworks/CoreGraphics.framework/Versions/A/CoreGraphics
0x00007fff3004f000 	/System/Library/Frameworks/Accelerate.framework/Versions/A/Accelerate
0x00007fff2b066000 	/System/Library/PrivateFrameworks/IconServices.framework/Versions/A/IconServices
0x00007fff2828a000 	/System/Library/Frameworks/IOSurface.framework/Versions/A/IOSurface
0x00007fff2642f000 	/usr/lib/libDiagnosticMessagesClient.dylib
0x00007fff2892f000 	/System/Library/PrivateFrameworks/DFRFoundation.framework/Versions/A/DFRFoundation
0x00007fff2250f000 	/usr/lib/libicucore.A.dylib
0x00007fff2cb6f000 	/System/Library/Frameworks/AudioToolbox.framework/Versions/A/AudioToolbox
0x00007fff2bdf9000 	/System/Library/PrivateFrameworks/DataDetectorsCore.framework/Versions/A/DataDetectorsCore
0x00007fff24b33000 	/usr/lib/libMobileGestalt.dylib
0x00007fff28633000 	/System/Library/Frameworks/Carbon.framework/Versions/A/Frameworks/HIToolbox.framework/Versions/A/HIToolbox
0x00007fff26b89000 	/System/Library/Frameworks/QuartzCore.framework/Versions/A/QuartzCore
0x00007fff2fb60000 	/System/Library/Frameworks/Carbon.framework/Versions/A/Frameworks/SpeechRecognition.framework/Versions/A/SpeechRecognition
0x00007fff26ea8000 	/System/Library/PrivateFrameworks/CoreUI.framework/Versions/A/CoreUI
0x00007fff21b29000 	/System/Library/Frameworks/CoreAudio.framework/Versions/A/CoreAudio
0x00007fff2651a000 	/System/Library/Frameworks/DiskArbitration.framework/Versions/A/DiskArbitration
0x00007fff2b9f6000 	/System/Library/PrivateFrameworks/MultitouchSupport.framework/Versions/A/MultitouchSupport
0x00007fff2bdf0000 	/System/Library/PrivateFrameworks/InternationalSupport.framework/Versions/A/InternationalSupport
0x00007fff24b32000 	/usr/lib/libenergytrace.dylib
0x00007fff22adf000 	/System/Library/Frameworks/IOKit.framework/Versions/A/IOKit
0x00007fff2fe93000 	/System/Library/Frameworks/CoreServices.framework/Versions/A/CoreServices
0x00007fff270d5000 	/System/Library/PrivateFrameworks/PerformanceAnalysis.framework/Versions/A/PerformanceAnalysis
0x00007fff6b947000 	/System/Library/Frameworks/OpenGL.framework/Versions/A/OpenGL
0x00007fff2be74000 	/System/Library/PrivateFrameworks/UserActivity.framework/Versions/A/UserActivity
0x00007fff255ae000 	/System/Library/Frameworks/ColorSync.framework/Versions/A/ColorSync
0x00007fff28bae000 	/System/Library/Frameworks/CoreImage.framework/Versions/A/CoreImage
0x00007fff21943000 	/System/Library/Frameworks/CoreText.framework/Versions/A/CoreText
0x00007fff28971000 	/System/Library/Frameworks/ImageIO.framework/Versions/A/ImageIO
0x00007fff2a505000 	/System/Library/PrivateFrameworks/SoftLinking.framework/Versions/A/SoftLinking
0x00007fff2718e000 	/usr/lib/libxml2.2.dylib
0x00007fff2a776000 	/usr/lib/libcompression.dylib
0x00007fff2bd22000 	/System/Library/PrivateFrameworks/TextureIO.framework/Versions/A/TextureIO
0x00007fff2ada5000 	/usr/lib/libate.dylib
0x00007fff2ab8a000 	/usr/lib/liblzma.5.dylib
0x00007fff20e67000 	/System/Library/Frameworks/SystemConfiguration.framework/Versions/A/SystemConfiguration
0x00007fff2a501000 	/usr/lib/libfakelink.dylib
0x00007fff24684000 	/System/Library/Frameworks/CFNetwork.framework/Versions/A/CFNetwork
0x00007fff2a641000 	/usr/lib/libarchive.2.dylib
0x00007fff20ee5000 	/usr/lib/libCRFSuite.dylib
0x00007fff29cb2000 	/usr/lib/libbsm.0.dylib
0x00007fff23ffd000 	/usr/lib/libnetwork.dylib
0x00007fff2a506000 	/usr/lib/libpcap.A.dylib
0x00007fff26264000 	/usr/lib/libdns_services.dylib
0x00007fff2aba3000 	/usr/lib/libcoretls_cfhelpers.dylib
0x00007fff2a740000 	/usr/lib/libapple_nghttp2.dylib
0x00007fff2a499000 	/usr/lib/system/libkxld.dylib
0x00007fff25edd000 	/usr/lib/libsqlite3.dylib
0x00007fff2a219000 	/System/Library/PrivateFrameworks/AppleFSCompression.framework/Versions/A/AppleFSCompression
0x00007fff29c9a000 	/usr/lib/libcoretls.dylib
0x00007fff2a771000 	/usr/lib/libpam.2.dylib
0x00007fff2aca1000 	/usr/lib/libxar.1.dylib
0x00007fff28f9c000 	/System/Library/PrivateFrameworks/AppleSystemInfo.framework/Versions/A/AppleSystemInfo
0x00007fff298dc000 	/System/Library/PrivateFrameworks/IOMobileFramebuffer.framework/Versions/A/IOMobileFramebuffer
0x00007fff2a229000 	/usr/lib/libbz2.1.0.dylib
0x00007fff2a53e000 	/usr/lib/libiconv.2.dylib
0x00007fff2a492000 	/usr/lib/libcharset.1.dylib
0x00007fff27111000 	/System/Library/Frameworks/CoreServices.framework/Versions/A/Frameworks/FSEvents.framework/Versions/A/FSEvents
0x00007fff22779000 	/System/Library/Frameworks/CoreServices.framework/Versions/A/Frameworks/CarbonCore.framework/Versions/A/CarbonCore
0x00007fff2647f000 	/System/Library/Frameworks/CoreServices.framework/Versions/A/Frameworks/Metadata.framework/Versions/A/Metadata
0x00007fff2a23b000 	/System/Library/Frameworks/CoreServices.framework/Versions/A/Frameworks/OSServices.framework/Versions/A/OSServices
0x00007fff2a6b3000 	/System/Library/Frameworks/CoreServices.framework/Versions/A/Frameworks/SearchKit.framework/Versions/A/SearchKit
0x00007fff261ef000 	/System/Library/Frameworks/CoreServices.framework/Versions/A/Frameworks/AE.framework/Versions/A/AE
0x00007fff20844000 	/System/Library/Frameworks/CoreServices.framework/Versions/A/Frameworks/LaunchServices.framework/Versions/A/LaunchServices
0x00007fff2ab3a000 	/System/Library/Frameworks/CoreServices.framework/Versions/A/Frameworks/DictionaryServices.framework/Versions/A/DictionaryServices
0x00007fff2711e000 	/System/Library/Frameworks/CoreServices.framework/Versions/A/Frameworks/SharedFileList.framework/Versions/A/SharedFileList
0x00007fff29c8e000 	/usr/lib/libCheckFix.dylib
0x00007fff24ba7000 	/System/Library/PrivateFrameworks/TCC.framework/Versions/A/TCC
0x00007fff28fa2000 	/System/Library/PrivateFrameworks/CoreNLP.framework/Versions/A/CoreNLP
0x00007fff26432000 	/System/Library/PrivateFrameworks/MetadataUtilities.framework/Versions/A/MetadataUtilities
0x00007fff20f1a000 	/usr/lib/libmecabra.dylib
0x00007fff29f98000 	/System/Library/Frameworks/MLCompute.framework/Versions/A/MLCompute
0x00007fff29cc3000 	/usr/lib/libmecab.dylib
0x00007fff29d0d000 	/usr/lib/libgermantok.dylib
0x00007fff2a71b000 	/usr/lib/libThaiTokenizer.dylib
0x00007fff2acdc000 	/usr/lib/libChineseTokenizer.dylib
0x00007fff2a76f000 	/System/Library/Frameworks/MetalPerformanceShaders.framework/Versions/A/MetalPerformanceShaders
0x00007fff26521000 	/System/Library/Frameworks/Accelerate.framework/Versions/A/Frameworks/vImage.framework/Versions/A/vImage
0x00007fff2fe6d000 	/System/Library/Frameworks/Accelerate.framework/Versions/A/Frameworks/vecLib.framework/Versions/A/vecLib
0x00007fff2ace7000 	/System/Library/Frameworks/Accelerate.framework/Versions/A/Frameworks/vecLib.framework/Versions/A/libvMisc.dylib
0x00007fff296f7000 	/System/Library/Frameworks/Accelerate.framework/Versions/A/Frameworks/vecLib.framework/Versions/A/libvDSP.dylib
0x00007fff20b4d000 	/System/Library/Frameworks/Accelerate.framework/Versions/A/Frameworks/vecLib.framework/Versions/A/libBLAS.dylib
0x00007fff2a79c000 	/System/Library/Frameworks/Accelerate.framework/Versions/A/Frameworks/vecLib.framework/Versions/A/libLAPACK.dylib
0x00007fff29d13000 	/System/Library/Frameworks/Accelerate.framework/Versions/A/Frameworks/vecLib.framework/Versions/A/libLinearAlgebra.dylib
0x00007fff2a758000 	/System/Library/Frameworks/Accelerate.framework/Versions/A/Frameworks/vecLib.framework/Versions/A/libSparseBLAS.dylib
0x00007fff2a796000 	/System/Library/Frameworks/Accelerate.framework/Versions/A/Frameworks/vecLib.framework/Versions/A/libQuadrature.dylib
0x00007fff2904e000 	/System/Library/Frameworks/Accelerate.framework/Versions/A/Frameworks/vecLib.framework/Versions/A/libBNNS.dylib
0x00007fff20df8000 	/System/Library/Frameworks/Accelerate.framework/Versions/A/Frameworks/vecLib.framework/Versions/A/libSparse.dylib
0x00007fff28f2a000 	/System/Library/Frameworks/MetalPerformanceShaders.framework/Versions/A/Frameworks/MPSCore.framework/Versions/A/MPSCore
0x00007fff2a188000 	/System/Library/Frameworks/MetalPerformanceShaders.framework/Versions/A/Frameworks/MPSImage.framework/Versions/A/MPSImage
0x00007fff29d29000 	/System/Library/Frameworks/MetalPerformanceShaders.framework/Versions/A/Frameworks/MPSNeuralNetwork.framework/Versions/A/MPSNeuralNetwork
0x00007fff2a0fa000 	/System/Library/Frameworks/MetalPerformanceShaders.framework/Versions/A/Frameworks/MPSMatrix.framework/Versions/A/MPSMatrix
0x00007fff29f48000 	/System/Library/Frameworks/MetalPerformanceShaders.framework/Versions/A/Frameworks/MPSRayIntersector.framework/Versions/A/MPSRayIntersector
0x00007fff2a131000 	/System/Library/Frameworks/MetalPerformanceShaders.framework/Versions/A/Frameworks/MPSNDArray.framework/Versions/A/MPSNDArray
0x00007fff20a79000 	/System/Library/PrivateFrameworks/MetalTools.framework/Versions/A/MetalTools
0x00007fff28f9a000 	/System/Library/PrivateFrameworks/AggregateDictionary.framework/Versions/A/AggregateDictionary
0x00007fff263ff000 	/System/Library/PrivateFrameworks/CoreAnalytics.framework/Versions/A/CoreAnalytics
0x00007fff2a71d000 	/System/Library/PrivateFrameworks/AppleSauce.framework/Versions/A/AppleSauce
0x00007fff2829c000 	/System/Library/PrivateFrameworks/IOAccelerator.framework/Versions/A/IOAccelerator
0x00007fff6b93b000 	/System/Library/Frameworks/OpenGL.framework/Versions/A/Libraries/libCoreFSCache.dylib
0x00007fff214b2000 	/System/Library/PrivateFrameworks/LanguageModeling.framework/Versions/A/LanguageModeling
0x00007fff298ca000 	/System/Library/PrivateFrameworks/CoreEmoji.framework/Versions/A/CoreEmoji
0x00007fff29047000 	/System/Library/PrivateFrameworks/LinguisticData.framework/Versions/A/LinguisticData
0x00007fff20daa000 	/System/Library/PrivateFrameworks/Lexicon.framework/Versions/A/Lexicon
0x00007fff2a62f000 	/usr/lib/libcmph.dylib
0x00007fff270f1000 	/System/Library/Frameworks/OpenDirectory.framework/Versions/A/Frameworks/CFOpenDirectory.framework/Versions/A/CFOpenDirectory
0x00007fff270e1000 	/System/Library/Frameworks/OpenDirectory.framework/Versions/A/OpenDirectory
0x00007fff2aba5000 	/System/Library/PrivateFrameworks/APFS.framework/Versions/A/APFS
0x00007fff29bf0000 	/System/Library/Frameworks/SecurityFoundation.framework/Versions/A/SecurityFoundation
0x00007fff2acaf000 	/usr/lib/libutil.dylib
0x00007fff22aa4000 	/System/Library/PrivateFrameworks/CoreServicesStore.framework/Versions/A/CoreServicesStore
0x00007fff29c86000 	/System/Library/Frameworks/ServiceManagement.framework/Versions/A/ServiceManagement
0x00007fff2acb3000 	/usr/lib/libxslt.1.dylib
0x00007fff29c7c000 	/System/Library/PrivateFrameworks/BackgroundTaskManagement.framework/Versions/A/BackgroundTaskManagement
0x00007fff2bc6c000 	/System/Library/Frameworks/ImageIO.framework/Versions/A/Resources/libRadiance.dylib
0x00007fff2bc76000 	/System/Library/Frameworks/ImageIO.framework/Versions/A/Resources/libJPEG.dylib
0x00007fff2bbc0000 	/System/Library/Frameworks/ImageIO.framework/Versions/A/Resources/libPng.dylib
0x00007fff2bbe7000 	/System/Library/Frameworks/ImageIO.framework/Versions/A/Resources/libTIFF.dylib
0x00007fff2bccb000 	/System/Library/Frameworks/ImageIO.framework/Versions/A/Resources/libGIF.dylib
0x00007fff2b912000 	/System/Library/Frameworks/ImageIO.framework/Versions/A/Resources/libJP2.dylib
0x00007fff2b02e000 	/usr/lib/libexpat.1.dylib
0x00007fff2b8c8000 	/System/Library/PrivateFrameworks/AppleJPEG.framework/Versions/A/AppleJPEG
0x00007fff284d2000 	/System/Library/PrivateFrameworks/FontServices.framework/libFontParser.dylib
0x00007fff261a6000 	/System/Library/PrivateFrameworks/RunningBoardServices.framework/Versions/A/RunningBoardServices
0x00007fff2b9f2000 	/System/Library/PrivateFrameworks/WatchdogClient.framework/Versions/A/WatchdogClient
0x00007fff2159b000 	/System/Library/Frameworks/CoreDisplay.framework/Versions/A/CoreDisplay
0x00007fff283e7000 	/System/Library/Frameworks/CoreMedia.framework/Versions/A/CoreMedia
0x00007fff27271000 	/System/Library/Frameworks/CoreVideo.framework/Versions/A/CoreVideo
0x00007fff2ba2d000 	/System/Library/Frameworks/VideoToolbox.framework/Versions/A/VideoToolbox
0x00007fff26126000 	/System/Library/PrivateFrameworks/BaseBoard.framework/Versions/A/BaseBoard
0x00007fff2b172000 	/System/Library/PrivateFrameworks/PersistentConnection.framework/Versions/A/PersistentConnection
0x00007fff25ec7000 	/System/Library/PrivateFrameworks/ProtocolBuffer.framework/Versions/A/ProtocolBuffer
0x00007fff2610e000 	/System/Library/PrivateFrameworks/CommonUtilities.framework/Versions/A/CommonUtilities
0x00007fff2b88b000 	/System/Library/PrivateFrameworks/Bom.framework/Versions/A/Bom
0x00007fff2bc64000 	/System/Library/PrivateFrameworks/GPUWrangler.framework/Versions/A/GPUWrangler
0x00007fff2bc47000 	/System/Library/PrivateFrameworks/IOPresentment.framework/Versions/A/IOPresentment
0x00007fff2bc70000 	/System/Library/PrivateFrameworks/DSExternalDisplay.framework/Versions/A/DSExternalDisplay
0x00007fff2bcd0000 	/System/Library/PrivateFrameworks/CMCaptureCore.framework/Versions/A/CMCaptureCore
0x00007fff2b60e000 	/System/Library/PrivateFrameworks/AppServerSupport.framework/Versions/A/AppServerSupport
0x00007fff2d6a9000 	/System/Library/PrivateFrameworks/perfdata.framework/Versions/A/perfdata
0x00007fff29bdf000 	/System/Library/PrivateFrameworks/AssertionServices.framework/Versions/A/AssertionServices
0x00007fff216d2000 	/System/Library/PrivateFrameworks/AudioToolboxCore.framework/Versions/A/AudioToolboxCore
0x00007fff283ca000 	/System/Library/PrivateFrameworks/caulk.framework/Versions/A/caulk
0x00007fff3cae1000 	/System/Library/PrivateFrameworks/SystemPolicy.framework/Versions/A/SystemPolicy
0x00007fff2ae3d000 	/usr/lib/libIOReport.dylib
0x00007fff2cee5000 	/usr/lib/libSMC.dylib
0x00007fff2bb8c000 	/usr/lib/libAudioToolboxUtility.dylib
0x00007fff3d43b000 	/usr/lib/libmis.dylib
0x00007fff6b997000 	/System/Library/Frameworks/OpenGL.framework/Versions/A/Libraries/libGLU.dylib
0x00007fff6b95a000 	/System/Library/Frameworks/OpenGL.framework/Versions/A/Libraries/libGFXShared.dylib
0x00007fff6bb68000 	/System/Library/Frameworks/OpenGL.framework/Versions/A/Libraries/libGL.dylib
0x00007fff6b963000 	/System/Library/Frameworks/OpenGL.framework/Versions/A/Libraries/libGLImage.dylib
0x00007fff6b957000 	/System/Library/Frameworks/OpenGL.framework/Versions/A/Libraries/libCVMSPluginSupport.dylib
0x00007fff6b942000 	/System/Library/Frameworks/OpenGL.framework/Versions/A/Libraries/libCoreVMClient.dylib
0x00007fff6cfb2000 	/System/Library/Frameworks/OpenCL.framework/Versions/A/OpenCL
0x00007fff2b19b000 	/System/Library/PrivateFrameworks/GraphVisualizer.framework/Versions/A/GraphVisualizer
0x00007fff2b1aa000 	/System/Library/PrivateFrameworks/FaceCore.framework/Versions/A/FaceCore
0x00007fff2b5c6000 	/System/Library/PrivateFrameworks/OTSVG.framework/Versions/A/OTSVG
0x00007fff26e66000 	/System/Library/Frameworks/ApplicationServices.framework/Versions/A/Frameworks/ATS.framework/Versions/A/Resources/libFontRegistry.dylib
0x00007fff2b615000 	/System/Library/PrivateFrameworks/FontServices.framework/libhvf.dylib
0x00007fff2afda000 	/System/Library/PrivateFrameworks/AppleVA.framework/Versions/A/AppleVA
0x00007fff2cd2d000 	/System/Library/Frameworks/ApplicationServices.framework/Versions/A/Frameworks/ATS.framework/Versions/A/ATS
0x00007fff2d040000 	/System/Library/Frameworks/ApplicationServices.framework/Versions/A/Frameworks/ColorSyncLegacy.framework/Versions/A/ColorSyncLegacy
0x00007fff256a5000 	/System/Library/Frameworks/ApplicationServices.framework/Versions/A/Frameworks/HIServices.framework/Versions/A/HIServices
0x00007fff2d025000 	/System/Library/Frameworks/ApplicationServices.framework/Versions/A/Frameworks/LangAnalysis.framework/Versions/A/LangAnalysis
0x00007fff2bcda000 	/System/Library/Frameworks/ApplicationServices.framework/Versions/A/Frameworks/PrintCore.framework/Versions/A/PrintCore
0x00007fff2d048000 	/System/Library/Frameworks/ApplicationServices.framework/Versions/A/Frameworks/QD.framework/Versions/A/QD
0x00007fff2cd1d000 	/System/Library/Frameworks/ApplicationServices.framework/Versions/A/Frameworks/SpeechSynthesis.framework/Versions/A/SpeechSynthesis
0x00007fff2bc9b000 	/System/Library/Frameworks/ApplicationServices.framework/Versions/A/Frameworks/ATSUI.framework/Versions/A/ATSUI
0x00007fff2cfc5000 	/usr/lib/libcups.2.dylib
0x00007fff2d035000 	/System/Library/PrivateFrameworks/NetAuth.framework/Versions/A/NetAuth
0x00007fff2d6c4000 	/System/Library/Frameworks/Kerberos.framework/Versions/A/Kerberos
0x00007fff2d6d4000 	/System/Library/Frameworks/GSS.framework/Versions/A/GSS
0x00007fff2cd9a000 	/usr/lib/libresolv.9.dylib
0x00007fff2b62b000 	/System/Library/PrivateFrameworks/Heimdal.framework/Versions/A/Heimdal
0x00007fff33367000 	/System/Library/Frameworks/Kerberos.framework/Versions/A/Libraries/libHeimdalProxy.dylib
0x00007fff26273000 	/System/Library/Frameworks/Network.framework/Versions/A/Network
0x00007fff2b047000 	/usr/lib/libheimdal-asn1.dylib
0x00007fff2d725000 	/System/Library/PrivateFrameworks/CommonAuth.framework/Versions/A/CommonAuth
0x00007fff272bf000 	/System/Library/PrivateFrameworks/login.framework/Versions/A/Frameworks/loginsupport.framework/Versions/A/loginsupport
0x00007fff2cca4000 	/System/Library/PrivateFrameworks/AudioSession.framework/Versions/A/AudioSession
0x00007fff2cd0a000 	/usr/lib/libAudioStatistics.dylib
0x00007fff2b0d3000 	/System/Library/PrivateFrameworks/MediaExperience.framework/Versions/A/MediaExperience
0x00007fff2cb3d000 	/System/Library/PrivateFrameworks/AudioSession.framework/libSessionUtility.dylib
0x00007fff2d6b5000 	/usr/lib/libperfcheck.dylib
0x00007fff2d054000 	/System/Library/PrivateFrameworks/AudioResourceArbitration.framework/Versions/A/AudioResourceArbitration
0x00007fff2b051000 	/System/Library/PrivateFrameworks/IconFoundation.framework/Versions/A/IconFoundation
0x00007fff2fb50000 	/System/Library/PrivateFrameworks/SpeechRecognitionCore.framework/Versions/A/SpeechRecognitionCore
0x00007fff57e4b000 	/System/Library/CoreServices/Encodings/libJapaneseConverter.dylib
0x0000000104800000 	/Volumes/Spring Tool Suite 4/SpringToolSuite4.app/Contents/Eclipse/plugins/org.eclipse.justj.openjdk.hotspot.jre.full.macosx.x86_64_16.0.1.v20210528-1205/jre/lib/server/libjvm.dylib
0x000000010067f000 	/Volumes/Spring Tool Suite 4/SpringToolSuite4.app/Contents/Eclipse/plugins/org.eclipse.justj.openjdk.hotspot.jre.full.macosx.x86_64_16.0.1.v20210528-1205/jre/lib/libjimage.dylib
0x00000001006d5000 	/Volumes/Spring Tool Suite 4/SpringToolSuite4.app/Contents/Eclipse/plugins/org.eclipse.justj.openjdk.hotspot.jre.full.macosx.x86_64_16.0.1.v20210528-1205/jre/lib/libjava.dylib
0x00000001069fb000 	/Volumes/Spring Tool Suite 4/SpringToolSuite4.app/Contents/Eclipse/plugins/org.eclipse.justj.openjdk.hotspot.jre.full.macosx.x86_64_16.0.1.v20210528-1205/jre/lib/libzip.dylib
0x0000000106a12000 	/Volumes/Spring Tool Suite 4/SpringToolSuite4.app/Contents/Eclipse/plugins/org.eclipse.justj.openjdk.hotspot.jre.full.macosx.x86_64_16.0.1.v20210528-1205/jre/lib/libnio.dylib
0x0000000106a26000 	/Volumes/Spring Tool Suite 4/SpringToolSuite4.app/Contents/Eclipse/plugins/org.eclipse.justj.openjdk.hotspot.jre.full.macosx.x86_64_16.0.1.v20210528-1205/jre/lib/libnet.dylib


VM Arguments:
jvm_args: -Dfile.encoding=UTF-8 -XX:+ShowCodeDetailsInExceptionMessages 
java_command: oracle.jdbc.driver.JavaToJavaConverter$192
java_class_path (initial): /Users/younghoonseo/springBagic/07_06_Web_DB/target/classes:/usr/local/apache-tomcat-9.0.50/lib/tomcat-i18n-ko.jar:/usr/local/apache-tomcat-9.0.50/lib/el-api.jar:/usr/local/apache-tomcat-9.0.50/lib/tomcat-i18n-es.jar:/usr/local/apache-tomcat-9.0.50/lib/tomcat-websocket.jar:/usr/local/apache-tomcat-9.0.50/lib/jasper.jar:/usr/local/apache-tomcat-9.0.50/lib/jasper-el.jar:/usr/local/apache-tomcat-9.0.50/lib/tomcat-util.jar:/usr/local/apache-tomcat-9.0.50/lib/tomcat-i18n-de.jar:/usr/local/apache-tomcat-9.0.50/lib/catalina-storeconfig.jar:/usr/local/apache-tomcat-9.0.50/lib/jsp-api.jar:/usr/local/apache-tomcat-9.0.50/lib/catalina-tribes.jar:/usr/local/apache-tomcat-9.0.50/lib/tomcat-i18n-cs.jar:/usr/local/apache-tomcat-9.0.50/lib/catalina.jar:/usr/local/apache-tomcat-9.0.50/lib/tomcat-jni.jar:/usr/local/apache-tomcat-9.0.50/lib/ecj-4.20.jar:/usr/local/apache-tomcat-9.0.50/lib/tomcat-i18n-pt-BR.jar:/usr/local/apache-tomcat-9.0.50/lib/catalina-ssi.jar:/usr/local/apache-tomcat-9.0.50/lib/websocket-api.jar:/usr/local/apache-tomcat-9.0.50/lib/tomcat-coyote.jar:/usr/local/apache-tomcat-9.0.50/lib/catalina-ha.jar:/usr/local/apache-tomcat-9.0.50/lib/tomcat-api.jar:/usr/local/apache-tomcat-9.0.50/lib/annotations-api.jar:/usr/local/apache-tomcat-9.0.50/lib/jaspic-api.jar:/usr/local/apache-tomcat-9.0.50/lib/tomcat-i18n-zh-CN.jar:/usr/local/apache-tomcat-9.0.50/lib/catalina-ant.jar:/usr/local/apache-tomcat-9.0.50/lib/servlet-api.jar:/usr/local/apache-tomcat-9.0.50/lib/tomcat-util-scan.jar:/usr/local/apache-tomcat-9.0.50/lib/tomcat-i18n-ja.jar:/usr/local/apache-tomcat-9.0.50/lib/tomcat-i18n-ru.jar:/usr/local/apache-tomcat-9.0.50/lib/tomcat-jdbc.jar:/usr/local/apache-tomcat-9.0.50/lib/tomcat-i18n-fr.jar:/usr/local/apache-tomcat-9.0.50/lib/tomcat-dbcp.jar:/Users/younghoonseo/.m2/repository/org/springframework/spring-context/5.2.15.RELEASE/spring-context-5.2.15.RELEASE.jar:/Users/younghoonseo/.m2/repository/org/springframework/spring-aop/5.2.15.RELEASE/spring
Launcher Type: SUN_STANDARD

[Global flags]
     intx CICompilerCount                          = 4                                         {product} {ergonomic}
     uint ConcGCThreads                            = 2                                         {product} {ergonomic}
     uint G1ConcRefinementThreads                  = 8                                         {product} {ergonomic}
   size_t G1HeapRegionSize                         = 2097152                                   {product} {ergonomic}
    uintx GCDrainStackTargetSize                   = 64                                        {product} {ergonomic}
   size_t InitialHeapSize                          = 268435456                                 {product} {ergonomic}
   size_t MarkStackSize                            = 4194304                                   {product} {ergonomic}
   size_t MaxHeapSize                              = 4294967296                                {product} {ergonomic}
   size_t MaxNewSize                               = 2575302656                                {product} {ergonomic}
   size_t MinHeapDeltaBytes                        = 2097152                                   {product} {ergonomic}
   size_t MinHeapSize                              = 8388608                                   {product} {ergonomic}
    uintx NonNMethodCodeHeapSize                   = 5839372                                {pd product} {ergonomic}
    uintx NonProfiledCodeHeapSize                  = 122909434                              {pd product} {ergonomic}
    uintx ProfiledCodeHeapSize                     = 122909434                              {pd product} {ergonomic}
    uintx ReservedCodeCacheSize                    = 251658240                              {pd product} {ergonomic}
     bool SegmentedCodeCache                       = true                                      {product} {ergonomic}
     bool ShowCodeDetailsInExceptionMessages       = true                                   {manageable} {command line}
   size_t SoftMaxHeapSize                          = 4294967296                             {manageable} {ergonomic}
     bool UseCompressedClassPointers               = true                           {product lp64_product} {ergonomic}
     bool UseCompressedOops                        = true                           {product lp64_product} {ergonomic}
     bool UseG1GC                                  = true                                      {product} {ergonomic}
     bool UseNUMA                                  = false                                     {product} {ergonomic}
     bool UseNUMAInterleaving                      = false                                     {product} {ergonomic}

Logging:
Log output configuration:
 #0: stdout all=warning uptime,level,tags
 #1: stderr all=off uptime,level,tags

Environment Variables:
PATH=/usr/bin:/bin:/usr/sbin:/sbin
SHELL=/bin/zsh

Signal Handlers:
SIGSEGV: [libjvm.dylib+0xa7da90], sa_mask[0]=11100110000111110111111111111111, sa_flags=SA_ONSTACK|SA_RESTART|SA_SIGINFO
SIGBUS: [libjvm.dylib+0xa7da90], sa_mask[0]=11100110000111110111111111111111, sa_flags=SA_RESTART|SA_SIGINFO
SIGFPE: [libjvm.dylib+0xa7da90], sa_mask[0]=11100110000111110111111111111111, sa_flags=SA_RESTART|SA_SIGINFO
SIGPIPE: [libjvm.dylib+0x947540], sa_mask[0]=11100110000111110111111111111111, sa_flags=SA_RESTART|SA_SIGINFO
SIGXFSZ: [libjvm.dylib+0x947540], sa_mask[0]=11100110000111110111111111111111, sa_flags=SA_RESTART|SA_SIGINFO
SIGILL: [libjvm.dylib+0xa7da90], sa_mask[0]=11100110000111110111111111111111, sa_flags=SA_RESTART|SA_SIGINFO
SIGUSR2: [libjvm.dylib+0x947ff0], sa_mask[0]=00100000000000000000000000000000, sa_flags=SA_RESTART|SA_SIGINFO
SIGHUP: [libjvm.dylib+0x9465b0], sa_mask[0]=11100110000111110111111111111111, sa_flags=SA_RESTART|SA_SIGINFO
SIGINT: [libjvm.dylib+0x9465b0], sa_mask[0]=11100110000111110111111111111111, sa_flags=SA_RESTART|SA_SIGINFO
SIGTERM: [libjvm.dylib+0x9465b0], sa_mask[0]=11100110000111110111111111111111, sa_flags=SA_RESTART|SA_SIGINFO
SIGQUIT: [libjvm.dylib+0x9465b0], sa_mask[0]=11100110000111110111111111111111, sa_flags=SA_RESTART|SA_SIGINFO
SIGTRAP: [libjvm.dylib+0xa7da90], sa_mask[0]=11100110000111110111111111111111, sa_flags=SA_RESTART|SA_SIGINFO


---------------  S Y S T E M  ---------------

OS:uname: Darwin 20.5.0 Darwin Kernel Version 20.5.0: Sat May  8 05:10:33 PDT 2021; root:xnu-7195.121.3~9/RELEASE_X86_64 x86_64
OS uptime: 0 days 4:06 hours
rlimit (soft/hard): STACK 8192k/65532k , CORE 0k/infinity , NPROC 2784/4176 , NOFILE 10240/infinity , AS infinity/infinity , CPU infinity/infinity , DATA infinity/infinity , FSIZE infinity/infinity , MEMLOCK infinity/infinity , RSS infinity/infinity
load average: 2.47 2.45 2.64

CPU: total 8 (initial active 8) (4 cores per cpu, 2 threads per core) family 6 model 126 stepping 5 microcode 0xa6, cx8, cmov, fxsr, ht, mmx, 3dnowpref, sse, sse2, sse3, ssse3, sse4.1, sse4.2, popcnt, lzcnt, tsc, tscinvbit, avx, avx2, aes, erms, clmul, bmi1, bmi2, adx, sha, fma, vzeroupper, clflush, clflushopt

Memory: 4k page, physical 16777216k(447928k free), swap 0k(0k free)

vm_info: OpenJDK 64-Bit Server VM (16.0.1+9-24) for bsd-amd64 JRE (16.0.1+9-24), built on Mar 26 2021 18:17:32 by "mach5one" with clang 4.2.1 Compatible Apple LLVM 11.0.0 (clang-1100.0.33.17)

END.
